This is LuaTeX, Version 1.0.4 (TeX Live 2017/Debian)  (format=lualatex 2018.7.10)  20 JUL 2018 11:06
 restricted system commands enabled.
**additionalmaterial.tex
(./additionalmaterial.tex
LaTeX2e <2017-04-15>
Lua module: luaotfload-main 2017/01/29 2.80001 OpenType layout system.
Lua module: lualibs 2017-02-01 2.5 ConTeXt Lua standard libraries.
Lua module: lualibs-extended 2017-02-01 2.5 ConTeXt Lua libraries -- extended co
llection.(using write cache: /home/wmutschl/.texlive2017/texmf-var/luatex-cache/
generic)(using read cache: /var/lib/texmf/luatex-cache/generic /home/wmutschl/.t
exlive2017/texmf-var/luatex-cache/generic)
luaotfload | conf : Root cache directory is /home/wmutschl/.texlive2017/texmf-va
r/luatex-cache/generic/names.
luaotfload | init : Loading fontloader “fontloader-2017-02-11.lua” from kpse
-resolved path “/usr/share/texlive/texmf-dist/tex/luatex/luaotfload/fontloader
-2017-02-11.lua”.
Lua-only attribute luaotfload@state = 1
Lua-only attribute luaotfload@noligature = 2
Lua-only attribute luaotfload@syllabe = 3
luaotfload | init : Context OpenType loader version “3.027”
Inserting `luaotfload.node_processor' at position 1 in `pre_linebreak_filter'.
Inserting `luaotfload.node_processor' at position 1 in `hpack_filter'.
Inserting `luaotfload.define_font' at position 1 in `define_font'.
Lua-only attribute luaotfload_color_attribute = 4
luaotfload | conf : Root cache directory is /home/wmutschl/.texlive2017/texmf-va
r/luatex-cache/generic/names.
Inserting `luaotfload.aux.set_sscale_dimens' at position 1 in `luaotfload.patch_
font'.
Inserting `luaotfload.aux.patch_cambria_domh' at position 2 in `luaotfload.patch
_font'.
Inserting `luaotfload.aux.fixup_fontdata' at position 1 in `luaotfload.patch_fon
t_unsafe'.
Inserting `luaotfload.aux.set_capheight' at position 3 in `luaotfload.patch_font
'.
Inserting `luaotfload.rewrite_fontname' at position 4 in `luaotfload.patch_font'
.
luaotfload | main : initialization completed in 0.108 seconds
Babel <3.18> and hyphenation patterns for 1 language(s) loaded.
(/usr/share/texlive/texmf-dist/tex/latex/base/article.cls
Document Class: article 2014/09/29 v1.4h Standard LaTeX document class
(/usr/share/texlive/texmf-dist/tex/latex/base/size10.clo
File: size10.clo 2014/09/29 v1.4h Standard LaTeX file (size option)
luaotfload | db : Font names database loaded from /home/wmutschl/.texlive2017/te
xmf-var/luatex-cache/generic/names/luaotfload-names.luc(load luc: /home/wmutschl
/.texlive2017/texmf-var/luatex-cache/generic/fonts/otl/lmroman10-regular.luc))
\c@part=\count79
\c@section=\count80
\c@subsection=\count81
\c@subsubsection=\count82
\c@paragraph=\count83
\c@subparagraph=\count84
\c@figure=\count85
\c@table=\count86
\abovecaptionskip=\skip41
\belowcaptionskip=\skip42
\bibindent=\dimen102
) (/usr/share/texlive/texmf-dist/tex/latex/amsfonts/amssymb.sty
Package: amssymb 2013/01/14 v3.01 AMS font symbols

(/usr/share/texlive/texmf-dist/tex/latex/amsfonts/amsfonts.sty
Package: amsfonts 2013/01/14 v3.01 Basic AMSFonts support
\@emptytoks=\toks14
\symAMSa=\mathgroup4
\symAMSb=\mathgroup5
LaTeX Font Info:    Overwriting math alphabet `\mathfrak' in version `bold'
(Font)                  U/euf/m/n --> U/euf/b/n on input line 106.
))
(/usr/share/texlive/texmf-dist/tex/latex/amsmath/amsmath.sty
Package: amsmath 2017/09/02 v2.17a AMS math features
\@mathmargin=\skip43

For additional information on amsmath, use the `?' option.
(/usr/share/texlive/texmf-dist/tex/latex/amsmath/amstext.sty
Package: amstext 2000/06/29 v2.01 AMS text

(/usr/share/texlive/texmf-dist/tex/latex/amsmath/amsgen.sty
File: amsgen.sty 1999/11/30 v2.0 generic functions
\@emptytoks=\toks15
\ex@=\dimen103
))
(/usr/share/texlive/texmf-dist/tex/latex/amsmath/amsbsy.sty
Package: amsbsy 1999/11/29 v1.2d Bold Symbols
\pmbraise@=\dimen104
)
(/usr/share/texlive/texmf-dist/tex/latex/amsmath/amsopn.sty
Package: amsopn 2016/03/08 v2.02 operator names
)
\inf@bad=\count87
LaTeX Info: Redefining \frac on input line 213.
\uproot@=\count88
\leftroot@=\count89
LaTeX Info: Redefining \overline on input line 375.
\classnum@=\count90
\DOTSCASE@=\count91
LaTeX Info: Redefining \ldots on input line 472.
LaTeX Info: Redefining \dots on input line 475.
LaTeX Info: Redefining \cdots on input line 596.
\Mathstrutbox@=\box26
\strutbox@=\box27
\big@size=\dimen105
LaTeX Font Info:    Redeclaring font encoding OML on input line 712.
LaTeX Font Info:    Redeclaring font encoding OMS on input line 713.
\macc@depth=\count92
\c@MaxMatrixCols=\count93
\dotsspace@=\muskip10
\c@parentequation=\count94
\dspbrk@lvl=\count95
\tag@help=\toks16
\row@=\count96
\column@=\count97
\maxfields@=\count98
\andhelp@=\toks17
\eqnshift@=\dimen106
\alignsep@=\dimen107
\tagshift@=\dimen108
\tagwidth@=\dimen109
\totwidth@=\dimen110
\lineht@=\dimen111
\@envbody=\toks18
\multlinegap=\skip44
\multlinetaggap=\skip45
\mathdisplay@stack=\toks19
LaTeX Info: Redefining \[ on input line 2817.
LaTeX Info: Redefining \] on input line 2818.
)
(/usr/share/texlive/texmf-dist/tex/latex/amscls/amsthm.sty
Package: amsthm 2017/10/31 v2.20.4
\thm@style=\toks20
\thm@bodyfont=\toks21
\thm@headfont=\toks22
\thm@notefont=\toks23
\thm@headpunct=\toks24
\thm@preskip=\skip46
\thm@postskip=\skip47
\thm@headsep=\skip48
\dth@everypar=\toks25
)
(./additionalmaterial.aux)
\openout1 = additionalmaterial.aux

LaTeX Font Info:    Checking defaults for OML/cmm/m/it on input line 5.
LaTeX Font Info:    ... okay on input line 5.
LaTeX Font Info:    Checking defaults for T1/cmr/m/n on input line 5.
LaTeX Font Info:    ... okay on input line 5.
LaTeX Font Info:    Checking defaults for OT1/cmr/m/n on input line 5.
LaTeX Font Info:    ... okay on input line 5.
LaTeX Font Info:    Checking defaults for OMS/cmsy/m/n on input line 5.
LaTeX Font Info:    ... okay on input line 5.
LaTeX Font Info:    Checking defaults for TU/lmr/m/n on input line 5.
LaTeX Font Info:    ... okay on input line 5.
LaTeX Font Info:    Checking defaults for OMX/cmex/m/n on input line 5.
LaTeX Font Info:    ... okay on input line 5.
LaTeX Font Info:    Checking defaults for U/cmr/m/n on input line 5.
LaTeX Font Info:    ... okay on input line 5.
(load luc: /home/wmutschl/.texlive2017/texmf-var/luatex-cache/generic/fonts/otl/
lmmono10-regular.luc)(load luc: /home/wmutschl/.texlive2017/texmf-var/luatex-cac
he/generic/fonts/otl/lmroman12-regular.luc)(load luc: /home/wmutschl/.texlive201
7/texmf-var/luatex-cache/generic/fonts/otl/lmroman12-bold.luc)
LaTeX Font Info:    Try loading font information for U+msa on input line 24.
 (/usr/share/texlive/texmf-dist/tex/latex/amsfonts/umsa.fd
File: umsa.fd 2013/01/14 v3.01 AMS symbols A
)
LaTeX Font Info:    Try loading font information for U+msb on input line 24.

(/usr/share/texlive/texmf-dist/tex/latex/amsfonts/umsb.fd
File: umsb.fd 2013/01/14 v3.01 AMS symbols B
) [1

{/var/lib/texmf/fonts/map/pdftex/updmap/pdftex.map}] [2](load luc: /home/wmutsch
l/.texlive2017/texmf-var/luatex-cache/generic/fonts/otl/lmroman7-regular.luc)(lo
ad luc: /home/wmutschl/.texlive2017/texmf-var/luatex-cache/generic/fonts/otl/lmm
ono8-regular.luc)(load luc: /home/wmutschl/.texlive2017/texmf-var/luatex-cache/g
eneric/fonts/otl/lmroman5-regular.luc) [3] [4]
Overfull \hbox (268.30421pt too wide) in paragraph at lines 630--630
[]\TU/lmtt/m/n/7 load('OptionsRobustness'); % This loads the options set in ide
ntification_run.m for the An & Schorfheide model, in particular we only check p
arameters of Taylor rule[] 
 []


Overfull \hbox (45.2845pt too wide) in paragraph at lines 630--630
[]\TU/lmtt/m/n/7 [Solut0,Deriv0] = EvaluateSparse(theta0,DSGE_Model,Settings.ap
prox,'Analytical'); % Solve Model at theta0[] 
 []


Overfull \hbox (41.5675pt too wide) in paragraph at lines 630--630
[]\TU/lmtt/m/n/7 Settings.speed = 'No Speed'; % Do analytical derivatives for i
nnovations once to initialize script files[] 
 []


Overfull \hbox (138.20938pt too wide) in paragraph at lines 630--630
[]\TU/lmtt/m/n/7 [G0,Omega0] = gmatrix(Solut0,Deriv0,DSGE_Model,Ident_Test,Sett
ings); % Compute G matrix and spectrum across frequencies for theta0[] 
 []


Overfull \hbox (89.88844pt too wide) in paragraph at lines 630--630
[]\TU/lmtt/m/n/7 Settings.speed = 'Speed'; % Do not compute analytical derivati
ves for innovations anymore, i.e. evaluate script files[] 
 []


Overfull \hbox (179.09633pt too wide) in paragraph at lines 630--630
[]\TU/lmtt/m/n/7 thet_dir1 = repmat(theta0',10,1); % initialize points on nonid
entification curve at theta0 (in particular all other parameters do not change)
[] 
 []


Overfull \hbox (97.32243pt too wide) in paragraph at lines 630--630
[]\TU/lmtt/m/n/7 thet_dir1(:,index_par)=theta_dir1([1445:1445:14450]'+1,[6 7 8 
11]); %select ten equally spaced points along Direction 1[] 
 []


Overfull \hbox (164.22835pt too wide) in paragraph at lines 630--630
[]    \TU/lmtt/m/n/7 [Solutj,Derivj] = EvaluateSparse(thetaj,DSGE_Model,Setting
s.approx,'Analytical'); % Solve model at point from nonidentification curve[] 
 []


Overfull \hbox (149.36037pt too wide) in paragraph at lines 630--630
[]    \TU/lmtt/m/n/7 [Gj,Omegaj]=gmatrix(Solutj,Derivj,DSGE_Model,Ident_Test,Se
ttings); % Compute G and spectrum at point from nonidentification curve[] 
 []

[5]
Overfull \hbox (8.11455pt too wide) in paragraph at lines 630--630
[]    \TU/lmtt/m/n/7 end %measure 2 converts maximum abs deviations in maxdev_a
1 and converts them into relative[] 
 []


Overfull \hbox (130.77539pt too wide) in paragraph at lines 630--630
[]    \TU/lmtt/m/n/7 thetaj = theta0; % initialize points on nonidentification 
curve at theta0 (in particular all other parameters do not change)[] 
 []


Overfull \hbox (164.22835pt too wide) in paragraph at lines 630--630
[]    \TU/lmtt/m/n/7 [Solutj,Derivj] = EvaluateSparse(thetaj,DSGE_Model,Setting
s.approx,'Analytical'); % Solve model at point from nonidentification curve[] 
 []


Overfull \hbox (149.36037pt too wide) in paragraph at lines 630--630
[]    \TU/lmtt/m/n/7 [Gj,Omegaj]=gmatrix(Solutj,Derivj,DSGE_Model,Ident_Test,Se
ttings); % Compute G and spectrum at point from nonidentification curve[] 
 []

[6]
Overfull \hbox (8.11455pt too wide) in paragraph at lines 630--630
[]    \TU/lmtt/m/n/7 end %measure 2 converts maximum abs deviations in maxdev_a
1 and converts them into relative[] 
 []


Overfull \hbox (37.85051pt too wide) in paragraph at lines 630--630
[]\TU/lmtt/m/n/7 nv=DSGE_Model.numbers.nv; nx=DSGE_Model.numbers.nx; ny=DSGE_Mo
del.numbers.ny; nu=DSGE_Model.numbers.nu;[] 
 []


Overfull \hbox (41.5675pt too wide) in paragraph at lines 630--630
[]\TU/lmtt/m/n/7 Detatilde_etatildeT_Dparam = DerivABCD(etatilde,Detatilde_Dpar
am,transpose(etatilde),DetatildeT_Dparam);[] 
 []

[7]
Overfull \hbox (19.26553pt too wide) in paragraph at lines 630--630
[]\TU/lmtt/m/n/7 F=-kron(transpose(hv)*transpose(gv),speye(n))*Df2_Dparam-kron(
transpose(hv),speye(n))*Df1_Dparam -
 []


Overfull \hbox (164.22835pt too wide) in paragraph at lines 630--630
[]    \TU/lmtt/m/n/7 DSolQ1_Dparam = DerivXkronY(transpose(hv),DhvT_Dparam,kron
(f2,transpose(hv)),DerivXkronY(f2,Df2_Dparam,transpose(hv),DhvT_Dparam))...[] 
 []


Overfull \hbox (186.53032pt too wide) in paragraph at lines 630--630
[]        \TU/lmtt/m/n/7 + DerivXkronY(speye(nv),sparse(zeros(nv^2,nparam)),kro
n(f4,speye(nv)),DerivXkronY(f4,Df4_Dparam,speye(nv),sparse(zeros(nv^2,nparam)))
);[] 
 []


Overfull \hbox (324.05914pt too wide) in paragraph at lines 630--630
[]    \TU/lmtt/m/n/7 DSolQ2_Dparam = DerivXkronY(speye(nv),sparse(zeros(nv^2,np
aram)),kron(f1+f2*gv,speye(nv)),DerivXkronY(f1+f2*gv,Df1_Dparam + Df2gv_Dparam,
speye(nv),sparse(zeros(nv^2,nparam))));[] 
 []


Overfull \hbox (30.41652pt too wide) in paragraph at lines 630--630
[]        \TU/lmtt/m/n/7 dSolQ = [reshape(DSolQ1_Dparam(:,i),n*nv^2,nv^2*ny) re
shape(DSolQ2_Dparam(:,i),n*nv^2,nv^3)];[] 
 []


Overfull \hbox (41.5675pt too wide) in paragraph at lines 630--630
[]    \TU/lmtt/m/n/7 DInKronSolMT_Dparam = DerivXkronY(speye(n),sparse(zeros(n^
2,nparam)),transpose(SolM),DSolMT_Dparam);[] 
 []


Overfull \hbox (4.39755pt too wide) in paragraph at lines 630--630
[]    \TU/lmtt/m/n/7 DSolR_Dparam=DerivABCD(InKronSolMT,DInKronSolMT_Dparam,hes
,Dhes_Dparam,SolM,DSolM_Dparam);[] 
 []


Overfull \hbox (316.62515pt too wide) in paragraph at lines 630--630
[]    \TU/lmtt/m/n/7 DSolU1_Dparam = DerivABCD(kron(speye(ny),etatilde_etatilde
T),DerivXkronY(speye(ny),sparse(zeros(ny^2,nparam)),etatilde_etatildeT,Detatild
e_etatildeT_Dparam),gvv,Dgvv_Dparam);[] 
 []


Overfull \hbox (11.83154pt too wide) in paragraph at lines 630--630
[]    \TU/lmtt/m/n/7 % Derivative of U2 = kron(eye(n),N')*H*N*etatilde_etatilde
T with N=(eye(nx),gx,zeros(n,nx))'[] 
 []

[8]
Overfull \hbox (472.73895pt too wide) in paragraph at lines 630--630
[]    \TU/lmtt/m/n/7 DSolU2_Dparam = DerivABCD(kron(speye(n),transpose(SolN)),D
erivXkronY(speye(n),sparse(zeros(n^2,nparam)),transpose(SolN),DSolNT_Dparam),he
s,Dhes_Dparam,SolN,DSolN_Dparam,etatilde_etatildeT,Detatilde_etatildeT_Dparam);
[] 
 []


Overfull \hbox (264.58722pt too wide) in paragraph at lines 630--630
[]    \TU/lmtt/m/n/7 % Derivative of U = f2*trm(U1) + trm(U2)= trm(kron(eye(ny)
,etatilde*etatilde')*gxx) + trm(kron(eye(n),N')*H*N*eta_etaT with N=(eye(nx),gx
,zeros(n,nx))'        )[] 
 []


Overfull \hbox (52.71849pt too wide) in paragraph at lines 630--630
[]\TU/lmtt/m/n/7 %% Construct Dprun_A_Dparam, Dprun_B_Dparam, Dprun_C_Dparam, D
prun_D_Dparam, Dprun_c_Dparam, Dprun_d_Dparam[] 
 []


Overfull \hbox (11.83154pt too wide) in paragraph at lines 630--630
[]\TU/lmtt/m/n/7 Hxx= hvv(Solut.ind.Hxx); Hxu=hvv(Solut.ind.Hxu); Hux=hvv(Solut
.ind.Hux); Huu=hvv(Solut.ind.Huu);[] 
 []


Overfull \hbox (8.11455pt too wide) in paragraph at lines 630--630
[]\TU/lmtt/m/n/7 Gxx=gvv(Solut.ind.Gxx); Gxu=gvv(Solut.ind.Gxu); Gux=gvv(Solut.
ind.Gux); Guu=gvv(Solut.ind.Guu);[] 
 []


Overfull \hbox (119.6244pt too wide) in paragraph at lines 630--630
[]\TU/lmtt/m/n/7 Dprun_A_Dparam = []; Dprun_B_Dparam = []; Dprun_C_Dparam = [];
 Dprun_D_Dparam = []; Dprun_c_Dparam = []; Dprun_d_Dparam = [];[] 
 []


Overfull \hbox (4.39755pt too wide) in paragraph at lines 630--630
[]    \TU/lmtt/m/n/7 dprun_A = [reshape(Dhx_Dparam(:,i),size(hx)), sparse(zeros
(nx,nx)),sparse(zeros(nx,nx^2));[] 
 []


Overfull \hbox (71.30347pt too wide) in paragraph at lines 630--630
[]               \TU/lmtt/m/n/7 sparse(zeros(nx,nx)), reshape(Dhx_Dparam(:,i),s
ize(hx)), 0.5*reshape(DHxx_Dparam(:,i),size(Hxx));[] 
 []


Overfull \hbox (160.51135pt too wide) in paragraph at lines 630--630
[]               \TU/lmtt/m/n/7 sparse(zeros(nx*nx,nx)),sparse(zeros(nx*nx,nx))
,reshape(DerivXkronY(hx,Dhx_Dparam(:,i),hx,Dhx_Dparam(:,i)),[nx^2,nx^2])];[] 
 []


Overfull \hbox (246.00224pt too wide) in paragraph at lines 630--630
[]              \TU/lmtt/m/n/7 sparse(zeros(nx,nu)) 0.5*reshape(DHuu_Dparam(:,i
),size(Huu)) 0.5*reshape(DHux_Dparam(:,i),size(Hux))  0.5*reshape(DHxu_Dparam(:
,i),size(Hxu));...[] 
 []


Overfull \hbox (197.6813pt too wide) in paragraph at lines 630--630
[]              \TU/lmtt/m/n/7 zeros(nx^2,nu) reshape(Dhu_kron_hu(:,i),[nx^2,nu
^2]) reshape(Dhu_kron_hx(:,i),[nx^2,nu*nx]) reshape(Dhx_kron_hu(:,i),[nx^2,nx*n
u])];[] 
 []


Overfull \hbox (119.6244pt too wide) in paragraph at lines 630--630
[]    \TU/lmtt/m/n/7 dprun_C = [reshape(Dgx_Dparam(:,i),size(gx)), reshape(Dgx_
Dparam(:,i),size(gx)),0.5*reshape(DGxx_Dparam(:,i),size(Gxx))];[] 
 []


Overfull \hbox (294.32318pt too wide) in paragraph at lines 630--630
[]    \TU/lmtt/m/n/7 dprun_D = [reshape(Dgu_Dparam(:,i),size(gu)), 0.5*reshape(
DGuu_Dparam(:,i),size(Guu)), 0.5*reshape(DGux_Dparam(:,i),size(Gux)) 0.5*reshap
e(DGxu_Dparam(:,i),size(Gxu))];[] 
 []


Overfull \hbox (286.88919pt too wide) in paragraph at lines 630--630
[]               \TU/lmtt/m/n/7 reshape(0.5*(2*sig*hss*Dsig_Dparam(:,i) + sig^2
*Dhss_Dparam(:,i)),size(hss)) + 0.5*(reshape(DHuu_Dparam(:,i),size(Huu))*vec(Si
gma)+Huu*DSigma_Dparam(:,i));[] 
 []


Overfull \hbox (11.83154pt too wide) in paragraph at lines 630--630
[]               \TU/lmtt/m/n/7 reshape(Dhu_kron_hu(:,i),[nx^2,nu^2])*vec(Sigma
)+kron(hu,hu)*DSigma_Dparam(:,i)];[] 
 []


Overfull \hbox (275.7382pt too wide) in paragraph at lines 630--630
[]    \TU/lmtt/m/n/7 dprun_d = reshape(0.5*(2*sig*gSS*Dsig_Dparam(:,i) + sig^2*
DgSS_Dparam(:,i)),size(gSS))+0.5*(reshape(DGuu_Dparam(:,i),size(Guu))*vec(Sigma
)+Guu*DSigma_Dparam(:,i));[] 
 []


Overfull \hbox (231.13426pt too wide) in paragraph at lines 630--630
[]\TU/lmtt/m/n/7 Deriv.Dprun_A_Dparam = Dprun_A_Dparam; Deriv.Dprun_B_Dparam = 
Dprun_B_Dparam; Deriv.Dprun_C_Dparam = Dprun_C_Dparam; Deriv.Dprun_D_Dparam = D
prun_D_Dparam;[] 
 []

[9]
Overfull \hbox (101.03943pt too wide) in paragraph at lines 630--630
[]\TU/lmtt/m/n/7 [Ed,DEd_Dparam,E_xf_xf,DE_xf_xf_Dparam] = DerivExpectation(Sol
ut,Deriv,DSGE_Model.numbers,'Analytical',Settings.approx);[] 
 []


Overfull \hbox (37.85051pt too wide) in paragraph at lines 630--630
[]\TU/lmtt/m/n/7 %% Analytical Derivative of cumulants of Innovations xi_t=[u;k
ron(u,u)-vec(SIGU);kron(u,xf);kron(xf,u)][] 
 []


Overfull \hbox (335.21013pt too wide) in paragraph at lines 630--630
[]\TU/lmtt/m/n/7 [M2min,M3min,M4min,DM2min_Dparam,DM3min_Dparam,DM4min_Dparam] 
= ProdMom_inov(nu,nx,Sigma,DSigma_Dparam,E_xf_xf,DE_xf_xf_Dparam,dfstudt,Ddfstu
dt_Dparam,DSGE_Model,Ident_Test,Settings);[] 
 []


Overfull \hbox (86.17145pt too wide) in paragraph at lines 630--630
[]\TU/lmtt/m/n/7 filename = ['./models/', DSGE_Model.shortname,'/',DSGE_Model.s
hortname,'_spec',num2str(DSGE_Model.spec),'_approx',];[] 
 []


Overfull \hbox (41.5675pt too wide) in paragraph at lines 630--630
[]        \TU/lmtt/m/n/7 GAMMA2 = reshape(DPxi*GAMMA2min,size(Fxi,2),size(Fxi,2
)); %Note GAMMA2 is a matrix, not a vector[] 
 []


Overfull \hbox (67.58647pt too wide) in paragraph at lines 630--630
[]        \TU/lmtt/m/n/7 DGAMMA2full_Dparam(:,j) = vec(Fxi*reshape(DGAMMA2_Dpar
am(:,j),size(Fxi,2),size(Fxi,2))*transpose(Fxi));[] 
 []


Overfull \hbox (101.03943pt too wide) in paragraph at lines 630--630
[]    \TU/lmtt/m/n/7 Omega = zeros(length(w),size(DSGE_Model.symbolic.SelectMat
,1)^2); % Initialize objective function for power spectrum[] 
 []


Overfull \hbox (253.43623pt too wide) in paragraph at lines 630--630
[]        \TU/lmtt/m/n/7 [Hz1,DHz1_Dparam,DHz1cT_Dparam] = TransferFunction(z1,
SelectMat,prun_A,prun_B,prun_C,prun_D,Dprun_A_Dparam,Dprun_B_Dparam,Dprun_C_Dpa
ram,Dprun_D_Dparam);[] 
 []


Overfull \hbox (71.30347pt too wide) in paragraph at lines 630--630
[]        \TU/lmtt/m/n/7 DOmega2_Dparam = (1/(2*pi))*DerivABCD(Hz1,DHz1_Dparam,
GAMMA2full,DGAMMA2full_Dparam,Hz1',DHz1cT_Dparam);[] 
 []


Overfull \hbox (227.41727pt too wide) in paragraph at lines 630--630
[]\TU/lmtt/m/n/7 function [H,DH_Dparam,DHcT_Dparam] = TransferFunction(z,Select
Mat,prun_A,prun_B,prun_C,prun_D,Dprun_A_Dparam,Dprun_B_Dparam,Dprun_C_Dparam,Dp
run_D_Dparam)[] 
 []

[10]
Overfull \hbox (49.0015pt too wide) in paragraph at lines 630--630
[]    \TU/lmtt/m/n/7 DzIminusAinv_Dparam = kron(-(transpose(zIminusA)\speye(siz
e(prun_A,1))),zIminusAinv)*DzIminusA_Dparam;[] 
 []


Overfull \hbox (249.71924pt too wide) in paragraph at lines 630--630
[]    \TU/lmtt/m/n/7 DH_Dparam = kron(speye(size(prun_D,2)),SelectMat)*(Dprun_D
_Dparam + DerivABCD(prun_C,Dprun_C_Dparam,zIminusAinv,DzIminusAinv_Dparam,prun_
B,Dprun_B_Dparam));[] 
 []

[11] (./additionalmaterial.aux))

Here is how much of LuaTeX's memory you used:
 1261 strings out of 494480
 100000,89155 words of node,token memory allocated
 448 words of node memory still in use:
   6 hlist, 2 vlist, 2 rule, 2 glue, 1 kern, 6 attribute, 50 glue_spec, 6 attrib
ute_list, 1 write nodes
   avail lists: 2:1396,3:1422,4:12,5:576,6:4359,7:1600,8:150,9:1219,10:11,11:142

 5384 multiletter control sequences out of 65536+600000
 40 fonts using 2745047 bytes
 27i,16n,26p,805b,219s stack positions out of 5000i,500n,10000p,200000b,100000s
</usr/share/texmf/fonts/opentype/public/lm/lmroman7-regular.otf></usr/share/texm
f/fonts/opentype/public/lm/lmmono8-regular.otf></usr/share/texmf/fonts/opentype/
public/lm/lmroman12-bold.otf></usr/share/texmf/fonts/opentype/public/lm/lmmono10
-regular.otf></usr/share/texmf/fonts/opentype/public/lm/lmroman10-regular.otf></
usr/share/texlive/texmf-dist/fonts/type1/public/amsfonts/cm/cmex10.pfb></usr/sha
re/texlive/texmf-dist/fonts/type1/public/amsfonts/cmextra/cmex7.pfb></usr/share/
texlive/texmf-dist/fonts/type1/public/amsfonts/cm/cmmi10.pfb></usr/share/texlive
/texmf-dist/fonts/type1/public/amsfonts/cm/cmmi5.pfb></usr/share/texlive/texmf-d
ist/fonts/type1/public/amsfonts/cm/cmmi7.pfb></usr/share/texlive/texmf-dist/font
s/type1/public/amsfonts/cm/cmr10.pfb></usr/share/texlive/texmf-dist/fonts/type1/
public/amsfonts/cm/cmr5.pfb></usr/share/texlive/texmf-dist/fonts/type1/public/am
sfonts/cm/cmr7.pfb></usr/share/texlive/texmf-dist/fonts/type1/public/amsfonts/cm
/cmsy10.pfb></usr/share/texlive/texmf-dist/fonts/type1/public/amsfonts/cm/cmsy5.
pfb></usr/share/texlive/texmf-dist/fonts/type1/public/amsfonts/cm/cmsy7.pfb>
Output written on additionalmaterial.pdf (11 pages, 159187 bytes).

PDF statistics: 119 PDF objects out of 1000 (max. 8388607)
 79 compressed objects within 1 object stream
 0 named destinations out of 1000 (max. 131072)
 1 words of extra memory for PDF output out of 10000 (max. 100000000)

